Base path: 'C:/Program Files/Unity/Hub/Editor/2019.4.10f1/Editor/Data', plugins path 'C:/Program Files/Unity/Hub/Editor/2019.4.10f1/Editor/Data/PlaybackEngines'
Cmd: initializeCompiler
Cmd: preprocessCompute
  insize=6858 outsize=6860 ok=1
Cmd: preprocessCompute
  insize=6851 outsize=6853 ok=1
Cmd: preprocess
  insize=38601 outsize=617 ok=1
Cmd: preprocessCompute
  insize=4735 outsize=4737 ok=1
Cmd: preprocess
  insize=34924 outsize=630 ok=1
Cmd: preprocessCompute
  insize=1896 outsize=1898 ok=1
Cmd: preprocessCompute
  insize=6858 outsize=6860 ok=1
Cmd: preprocessCompute
  insize=6842 outsize=6844 ok=1
Cmd: preprocess
  insize=38601 outsize=617 ok=1
Cmd: preprocessCompute
  insize=4778 outsize=4780 ok=1
Cmd: preprocess
  insize=34924 outsize=630 ok=1
Cmd: preprocessCompute
  insize=1896 outsize=1898 ok=1
Cmd: preprocessCompute
  insize=6858 outsize=6860 ok=1
Cmd: preprocessCompute
  insize=6842 outsize=6844 ok=1
Cmd: preprocess
  insize=38601 outsize=617 ok=1
Cmd: preprocessCompute
  insize=4778 outsize=4780 ok=1
Cmd: preprocess
  insize=34924 outsize=630 ok=1
Cmd: preprocessCompute
  insize=1896 outsize=1898 ok=1
Cmd: preprocessCompute
  insize=6858 outsize=6860 ok=1
Cmd: preprocessCompute
  insize=6842 outsize=6844 ok=1
Cmd: preprocess
  insize=38601 outsize=617 ok=1
Cmd: preprocessCompute
  insize=4778 outsize=4780 ok=1
Cmd: compileComputeKernel
  api=4 insize=4780 outsize=223 ok=1
Cmd: preprocess
  insize=34924 outsize=630 ok=1
Cmd: preprocessCompute
  insize=1831 outsize=1833 ok=1
Cmd: compileComputeKernel
  api=4 insize=1833 outsize=874 ok=1
Cmd: preprocessCompute
  insize=6858 outsize=6860 ok=1
Cmd: preprocessCompute
  insize=6842 outsize=6844 ok=1
Cmd: preprocess
  insize=38601 outsize=617 ok=1
Cmd: preprocessCompute
  insize=4778 outsize=4780 ok=1
Cmd: preprocess
  insize=34924 outsize=630 ok=1
Cmd: preprocessCompute
  insize=1896 outsize=1898 ok=1
Cmd: preprocessCompute
  insize=6858 outsize=6860 ok=1
Cmd: preprocessCompute
  insize=6842 outsize=6844 ok=1
Cmd: preprocess
  insize=38601 outsize=617 ok=1
Cmd: preprocessCompute
  insize=5256 outsize=5258 ok=1
Cmd: preprocess
  insize=35072 outsize=630 ok=1
Cmd: preprocessCompute
  insize=1896 outsize=1898 ok=1
Cmd: preprocessCompute
  insize=6858 outsize=6860 ok=1
Cmd: preprocessCompute
  insize=6842 outsize=6844 ok=1
Cmd: preprocess
  insize=38601 outsize=617 ok=1
Cmd: preprocessCompute
  insize=5934 outsize=5936 ok=1
Cmd: preprocess
  insize=35324 outsize=631 ok=1
Cmd: preprocessCompute
  insize=1938 outsize=1940 ok=1
Cmd: preprocessCompute
  insize=6858 outsize=6860 ok=1
Cmd: preprocessCompute
  insize=6842 outsize=6844 ok=1
Cmd: preprocess
  insize=38601 outsize=617 ok=1
Cmd: preprocessCompute
  insize=5934 outsize=5936 ok=1
Cmd: preprocess
  insize=36510 outsize=630 ok=1
Cmd: preprocessCompute
  insize=1938 outsize=1940 ok=1
Cmd: preprocessCompute
  insize=6858 outsize=6860 ok=1
Cmd: preprocessCompute
  insize=6842 outsize=6844 ok=1
Cmd: preprocess
  insize=38601 outsize=617 ok=1
Cmd: preprocessCompute
  insize=6024 outsize=6026 ok=1
Cmd: preprocess
  insize=38300 outsize=630 ok=1
Cmd: preprocessCompute
  insize=1939 outsize=1941 ok=1
Cmd: preprocessCompute
  insize=6858 outsize=6860 ok=1
Cmd: preprocessCompute
  insize=6842 outsize=6844 ok=1
Cmd: preprocess
  insize=38601 outsize=617 ok=1
Cmd: preprocessCompute
  insize=6022 outsize=6024 ok=1
Cmd: preprocess
  insize=38239 outsize=618 ok=1
Cmd: preprocessCompute
  insize=6858 outsize=6860 ok=1
Cmd: preprocessCompute
  insize=6842 outsize=6844 ok=1
Cmd: preprocess
  insize=38601 outsize=617 ok=1
Cmd: preprocessCompute
  insize=6022 outsize=6024 ok=1
Cmd: preprocess
  insize=38239 outsize=618 ok=1
Cmd: preprocessCompute
  insize=6858 outsize=6860 ok=1
Cmd: preprocessCompute
  insize=6842 outsize=6844 ok=1
Cmd: preprocess
  insize=38601 outsize=617 ok=1
Cmd: preprocessCompute
  insize=6022 outsize=6024 ok=1
Cmd: preprocess
  insize=38239 outsize=618 ok=1
Cmd: preprocessCompute
  insize=6858 outsize=6860 ok=1
Cmd: preprocessCompute
  insize=6842 outsize=6844 ok=1
Cmd: preprocess
  insize=38601 outsize=617 ok=1
Cmd: preprocessCompute
  insize=6022 outsize=6024 ok=1
Cmd: preprocess
  insize=38239 outsize=618 ok=1
Cmd: preprocessCompute
  insize=6858 outsize=6860 ok=1
Cmd: preprocessCompute
  insize=6842 outsize=6844 ok=1
Cmd: preprocess
  insize=38601 outsize=617 ok=1
Cmd: preprocessCompute
  insize=6827 outsize=6829 ok=1
Cmd: compileComputeKernel
  api=4 insize=6829 outsize=2062 ok=1
Cmd: preprocess
  insize=38239 outsize=618 ok=1
Cmd: preprocessCompute
  insize=6858 outsize=6860 ok=1
Cmd: preprocessCompute
  insize=6842 outsize=6844 ok=1
Cmd: preprocess
  insize=38601 outsize=617 ok=1
Cmd: preprocessCompute
  insize=6906 outsize=6908 ok=1
Cmd: compileComputeKernel
  api=4 insize=6908 outsize=2062 ok=1
Cmd: preprocess
  insize=38239 outsize=618 ok=1
Cmd: preprocessCompute
  insize=6858 outsize=6860 ok=1
Cmd: preprocessCompute
  insize=6842 outsize=6844 ok=1
Cmd: preprocess
  insize=38601 outsize=617 ok=1
Cmd: preprocessCompute
  insize=6906 outsize=6908 ok=1
Cmd: preprocess
  insize=38239 outsize=618 ok=1
Cmd: preprocessCompute
  insize=6858 outsize=6860 ok=1
Cmd: preprocessCompute
  insize=6842 outsize=6844 ok=1
Cmd: preprocess
  insize=38601 outsize=617 ok=1
Cmd: preprocessCompute
  insize=6906 outsize=6908 ok=1
Cmd: preprocess
  insize=38239 outsize=618 ok=1
Cmd: preprocessCompute
  insize=6858 outsize=6860 ok=1
Cmd: preprocessCompute
  insize=6842 outsize=6844 ok=1
Cmd: preprocess
  insize=38601 outsize=617 ok=1
Cmd: preprocessCompute
  insize=6906 outsize=6908 ok=1
Cmd: preprocess
  insize=38239 outsize=618 ok=1
Cmd: preprocessCompute
  insize=6858 outsize=6860 ok=1
Cmd: preprocessCompute
  insize=6842 outsize=6844 ok=1
Cmd: preprocess
  insize=38601 outsize=617 ok=1
Cmd: preprocessCompute
  insize=6906 outsize=6908 ok=1
Cmd: preprocess
  insize=38239 outsize=618 ok=1
Cmd: preprocessCompute
  insize=6858 outsize=6860 ok=1
Cmd: preprocessCompute
  insize=6842 outsize=6844 ok=1
Cmd: preprocess
  insize=38601 outsize=617 ok=1
Cmd: preprocessCompute
  insize=6906 outsize=6908 ok=1
Cmd: preprocess
  insize=38239 outsize=618 ok=1
Cmd: preprocessCompute
  insize=6858 outsize=6860 ok=1
Cmd: preprocessCompute
  insize=6842 outsize=6844 ok=1
Cmd: preprocess
  insize=38601 outsize=617 ok=1
Cmd: preprocessCompute
  insize=6906 outsize=6908 ok=1
Cmd: preprocess
  insize=38239 outsize=618 ok=1
Cmd: preprocessCompute
  insize=6858 outsize=6860 ok=1
Cmd: preprocessCompute
  insize=6842 outsize=6844 ok=1
Cmd: preprocess
  insize=38601 outsize=617 ok=1
Cmd: preprocessCompute
  insize=6906 outsize=6908 ok=1
Cmd: preprocess
  insize=38239 outsize=618 ok=1
Cmd: preprocessCompute
  insize=6858 outsize=6860 ok=1
Cmd: preprocessCompute
  insize=6842 outsize=6844 ok=1
Cmd: preprocess
  insize=38601 outsize=617 ok=1
Cmd: preprocessCompute
  insize=6906 outsize=6908 ok=1
Cmd: preprocess
  insize=38239 outsize=618 ok=1
Cmd: preprocessCompute
  insize=6858 outsize=6860 ok=1
Cmd: preprocessCompute
  insize=6842 outsize=6844 ok=1
Cmd: preprocess
  insize=38601 outsize=617 ok=1
Cmd: preprocessCompute
  insize=6906 outsize=6908 ok=1
Cmd: preprocess
  insize=38239 outsize=618 ok=1
Cmd: preprocessCompute
  insize=6858 outsize=6860 ok=1
Cmd: preprocessCompute
  insize=6494 outsize=6496 ok=1
Cmd: preprocess
  insize=38601 outsize=617 ok=1
Cmd: preprocessCompute
  insize=6858 outsize=6860 ok=1
Cmd: preprocessCompute
  insize=6494 outsize=6496 ok=1
Cmd: preprocess
  insize=38601 outsize=617 ok=1
Cmd: preprocessCompute
  insize=6858 outsize=6860 ok=1
Cmd: preprocessCompute
  insize=6494 outsize=6496 ok=1
Cmd: preprocess
  insize=38601 outsize=617 ok=1
Cmd: preprocessCompute
  insize=6858 outsize=6860 ok=1
Cmd: preprocessCompute
  insize=6842 outsize=6844 ok=1
Cmd: preprocess
  insize=38601 outsize=617 ok=1
Cmd: preprocessCompute
  insize=7342 outsize=7344 ok=1
Cmd: compileComputeKernel
  api=4 insize=7344 outsize=3304 ok=1
Cmd: preprocess
  insize=38615 outsize=618 ok=1
Cmd: preprocessCompute
  insize=5792 outsize=5794 ok=1
Cmd: compileComputeKernel
  api=4 insize=5794 outsize=1402 ok=1
Cmd: preprocessCompute
  insize=6858 outsize=6860 ok=1
Cmd: preprocessCompute
  insize=6842 outsize=6844 ok=1
Cmd: preprocess
  insize=38601 outsize=617 ok=1
Cmd: preprocessCompute
  insize=7342 outsize=7344 ok=1
Cmd: preprocess
  insize=38615 outsize=618 ok=1
Cmd: preprocessCompute
  insize=5792 outsize=5794 ok=1
Cmd: preprocessCompute
  insize=6858 outsize=6860 ok=1
Cmd: preprocessCompute
  insize=6842 outsize=6844 ok=1
Cmd: preprocess
  insize=38601 outsize=617 ok=1
Cmd: preprocessCompute
  insize=7342 outsize=7344 ok=1
Cmd: preprocess
  insize=38615 outsize=618 ok=1
Cmd: preprocessCompute
  insize=5792 outsize=5794 ok=1
Cmd: preprocessCompute
  insize=6858 outsize=6860 ok=1
Cmd: preprocessCompute
  insize=6842 outsize=6844 ok=1
Cmd: preprocess
  insize=38601 outsize=617 ok=1
Cmd: preprocessCompute
  insize=7342 outsize=7344 ok=1
Cmd: preprocess
  insize=38615 outsize=618 ok=1
Cmd: preprocessCompute
  insize=5792 outsize=5794 ok=1
Cmd: preprocessCompute
  insize=6858 outsize=6860 ok=1
Cmd: preprocessCompute
  insize=6842 outsize=6844 ok=1
Cmd: preprocess
  insize=38601 outsize=617 ok=1
Cmd: preprocessCompute
  insize=7342 outsize=7344 ok=1
Cmd: preprocess
  insize=38615 outsize=618 ok=1
Cmd: preprocessCompute
  insize=5792 outsize=5794 ok=1
Cmd: preprocessCompute
  insize=6858 outsize=6860 ok=1
Cmd: preprocessCompute
  insize=6842 outsize=6844 ok=1
Cmd: preprocess
  insize=38601 outsize=617 ok=1
Cmd: preprocessCompute
  insize=7342 outsize=7344 ok=1
Cmd: preprocess
  insize=38615 outsize=618 ok=1
Cmd: preprocessCompute
  insize=6196 outsize=6198 ok=1
Cmd: compileComputeKernel
  api=4 insize=6198 outsize=1505 ok=1
Cmd: preprocessCompute
  insize=6858 outsize=6860 ok=1
Cmd: preprocessCompute
  insize=6842 outsize=6844 ok=1
Cmd: preprocess
  insize=38601 outsize=617 ok=1
Cmd: preprocessCompute
  insize=7342 outsize=7344 ok=1
Cmd: preprocess
  insize=38615 outsize=618 ok=1
Cmd: preprocessCompute
  insize=6196 outsize=6198 ok=1
Cmd: preprocessCompute
  insize=6858 outsize=6860 ok=1
Cmd: preprocessCompute
  insize=6842 outsize=6844 ok=1
Cmd: preprocess
  insize=38601 outsize=617 ok=1
Cmd: preprocessCompute
  insize=7342 outsize=7344 ok=1
Cmd: preprocess
  insize=38615 outsize=618 ok=1
Cmd: preprocessCompute
  insize=6196 outsize=6198 ok=1
Cmd: preprocessCompute
  insize=6858 outsize=6860 ok=1
Cmd: preprocessCompute
  insize=6842 outsize=6844 ok=1
Cmd: preprocess
  insize=38601 outsize=617 ok=1
Cmd: preprocessCompute
  insize=7342 outsize=7344 ok=1
Cmd: preprocess
  insize=38615 outsize=618 ok=1
Cmd: preprocessCompute
  insize=6196 outsize=6198 ok=1
Cmd: preprocessCompute
  insize=6858 outsize=6860 ok=1
Cmd: preprocessCompute
  insize=6842 outsize=6844 ok=1
Cmd: preprocess
  insize=38601 outsize=617 ok=1
Cmd: preprocessCompute
  insize=7342 outsize=7344 ok=1
Cmd: preprocess
  insize=38615 outsize=618 ok=1
Cmd: preprocessCompute
  insize=6196 outsize=6198 ok=1
Cmd: preprocessCompute
  insize=7242 outsize=7244 ok=1
Cmd: compileComputeKernel
  api=4 insize=7244 outsize=2715 ok=1
Cmd: preprocessCompute
  insize=6842 outsize=6844 ok=1
Cmd: compileComputeKernel
  api=4 insize=6844 outsize=1791 ok=1
Cmd: preprocess
  insize=38601 outsize=618 ok=1
Cmd: preprocessCompute
  insize=7342 outsize=7344 ok=1
Cmd: preprocess
  insize=38615 outsize=618 ok=1
Cmd: preprocessCompute
  insize=6196 outsize=6198 ok=1
Cmd: preprocessCompute
  insize=7242 outsize=7244 ok=1
Cmd: preprocessCompute
  insize=6842 outsize=6844 ok=1
Cmd: preprocess
  insize=38601 outsize=618 ok=1
Cmd: preprocessCompute
  insize=7342 outsize=7344 ok=1
Cmd: preprocess
  insize=38615 outsize=618 ok=1
Cmd: preprocessCompute
  insize=6196 outsize=6198 ok=1
Cmd: preprocessCompute
  insize=7242 outsize=7244 ok=1
Cmd: preprocessCompute
  insize=6842 outsize=6844 ok=1
Cmd: preprocess
  insize=38601 outsize=618 ok=1
Cmd: preprocessCompute
  insize=7342 outsize=7344 ok=1
Cmd: preprocess
  insize=38615 outsize=618 ok=1
Cmd: preprocessCompute
  insize=6196 outsize=6198 ok=1
Cmd: preprocessCompute
  insize=7242 outsize=7244 ok=1
Cmd: preprocessCompute
  insize=6842 outsize=6844 ok=1
Cmd: preprocess
  insize=38601 outsize=618 ok=1
Cmd: preprocessCompute
  insize=7342 outsize=7344 ok=1
Cmd: preprocess
  insize=38615 outsize=618 ok=1
Cmd: preprocessCompute
  insize=6196 outsize=6198 ok=1
Cmd: preprocessCompute
  insize=7242 outsize=7244 ok=1
Cmd: preprocessCompute
  insize=6842 outsize=6844 ok=1
Cmd: preprocess
  insize=38601 outsize=618 ok=1
Cmd: preprocessCompute
  insize=7342 outsize=7344 ok=1
Cmd: preprocess
  insize=38615 outsize=618 ok=1
Cmd: preprocessCompute
  insize=6196 outsize=6198 ok=1
Cmd: preprocessCompute
  insize=7242 outsize=7244 ok=1
Cmd: preprocessCompute
  insize=6842 outsize=6844 ok=1
Cmd: preprocess
  insize=38601 outsize=618 ok=1
Cmd: preprocessCompute
  insize=7342 outsize=7344 ok=1
Cmd: preprocess
  insize=38615 outsize=618 ok=1
Cmd: preprocessCompute
  insize=6196 outsize=6198 ok=1
Cmd: preprocessCompute
  insize=7242 outsize=7244 ok=1
Cmd: preprocessCompute
  insize=6842 outsize=6844 ok=1
Cmd: preprocess
  insize=38601 outsize=618 ok=1
Cmd: preprocessCompute
  insize=7342 outsize=7344 ok=1
Cmd: preprocess
  insize=38615 outsize=618 ok=1
Cmd: preprocessCompute
  insize=6196 outsize=6198 ok=1
Cmd: preprocessCompute
  insize=7242 outsize=7244 ok=1
Cmd: preprocessCompute
  insize=6842 outsize=6844 ok=1
Cmd: preprocess
  insize=38601 outsize=618 ok=1
Cmd: preprocessCompute
  insize=7342 outsize=7344 ok=1
Cmd: preprocess
  insize=38615 outsize=618 ok=1
Cmd: preprocessCompute
  insize=6196 outsize=6198 ok=1
Cmd: preprocessCompute
  insize=7242 outsize=7244 ok=1
Cmd: preprocessCompute
  insize=6842 outsize=6844 ok=1
Cmd: preprocess
  insize=38601 outsize=618 ok=1
Cmd: preprocessCompute
  insize=7342 outsize=7344 ok=1
Cmd: preprocess
  insize=38615 outsize=618 ok=1
Cmd: preprocessCompute
  insize=6196 outsize=6198 ok=1
Cmd: preprocessCompute
  insize=7242 outsize=7244 ok=1
Cmd: preprocessCompute
  insize=6842 outsize=6844 ok=1
Cmd: preprocess
  insize=38601 outsize=618 ok=1
Cmd: preprocessCompute
  insize=7342 outsize=7344 ok=1
Cmd: preprocess
  insize=38615 outsize=618 ok=1
Cmd: preprocessCompute
  insize=6196 outsize=6198 ok=1
Cmd: preprocessCompute
  insize=7242 outsize=7244 ok=1
Cmd: preprocessCompute
  insize=6842 outsize=6844 ok=1
Cmd: preprocess
  insize=38601 outsize=618 ok=1
Cmd: preprocessCompute
  insize=7342 outsize=7344 ok=1
Cmd: preprocess
  insize=38615 outsize=618 ok=1
Cmd: preprocessCompute
  insize=6196 outsize=6198 ok=1
Cmd: preprocessCompute
  insize=7242 outsize=7244 ok=1
Cmd: preprocessCompute
  insize=6842 outsize=6844 ok=1
Cmd: preprocess
  insize=38601 outsize=618 ok=1
Cmd: preprocessCompute
  insize=7342 outsize=7344 ok=1
Cmd: preprocess
  insize=38615 outsize=618 ok=1
Cmd: preprocessCompute
  insize=6196 outsize=6198 ok=1
Cmd: preprocessCompute
  insize=7242 outsize=7244 ok=1
Cmd: preprocessCompute
  insize=6842 outsize=6844 ok=1
Cmd: preprocess
  insize=38601 outsize=618 ok=1
Cmd: preprocessCompute
  insize=7342 outsize=7344 ok=1
Cmd: preprocess
  insize=38615 outsize=618 ok=1
Cmd: preprocessCompute
  insize=6196 outsize=6198 ok=1
Cmd: preprocessCompute
  insize=7242 outsize=7244 ok=1
Cmd: preprocessCompute
  insize=6842 outsize=6844 ok=1
Cmd: preprocess
  insize=38601 outsize=618 ok=1
Cmd: preprocessCompute
  insize=7342 outsize=7344 ok=1
Cmd: preprocess
  insize=38615 outsize=618 ok=1
Cmd: preprocessCompute
  insize=6196 outsize=6198 ok=1
Cmd: preprocessCompute
  insize=7242 outsize=7244 ok=1
Cmd: preprocessCompute
  insize=6842 outsize=6844 ok=1
Cmd: preprocess
  insize=38601 outsize=618 ok=1
Cmd: preprocessCompute
  insize=7342 outsize=7344 ok=1
Cmd: preprocess
  insize=38615 outsize=618 ok=1
Cmd: preprocessCompute
  insize=6196 outsize=6198 ok=1
Cmd: preprocessCompute
  insize=7242 outsize=7244 ok=1
Cmd: preprocessCompute
  insize=6842 outsize=6844 ok=1
Cmd: preprocess
  insize=38601 outsize=618 ok=1
Cmd: preprocessCompute
  insize=7342 outsize=7344 ok=1
Cmd: preprocess
  insize=38615 outsize=618 ok=1
Cmd: preprocessCompute
  insize=6196 outsize=6198 ok=1
Cmd: preprocessCompute
  insize=7242 outsize=7244 ok=1
Cmd: preprocessCompute
  insize=6842 outsize=6844 ok=1
Cmd: preprocess
  insize=38601 outsize=618 ok=1
Cmd: preprocessCompute
  insize=7342 outsize=7344 ok=1
Cmd: preprocess
  insize=38615 outsize=618 ok=1
Cmd: preprocessCompute
  insize=6196 outsize=6198 ok=1
Cmd: preprocessCompute
  insize=7242 outsize=7244 ok=1
Cmd: preprocessCompute
  insize=6842 outsize=6844 ok=1
Cmd: preprocess
  insize=38601 outsize=618 ok=1
Cmd: preprocessCompute
  insize=7342 outsize=7344 ok=1
Cmd: preprocess
  insize=38615 outsize=618 ok=1
Cmd: preprocessCompute
  insize=6196 outsize=6198 ok=1
Cmd: preprocessCompute
  insize=7242 outsize=7244 ok=1
Cmd: preprocessCompute
  insize=6842 outsize=6844 ok=1
Cmd: preprocess
  insize=38601 outsize=618 ok=1
Cmd: preprocessCompute
  insize=7342 outsize=7344 ok=1
Cmd: preprocess
  insize=38615 outsize=618 ok=1
Cmd: preprocessCompute
  insize=6196 outsize=6198 ok=1
Cmd: preprocessCompute
  insize=7242 outsize=7244 ok=1
Cmd: preprocessCompute
  insize=6842 outsize=6844 ok=1
Cmd: preprocess
  insize=38601 outsize=618 ok=1
Cmd: preprocessCompute
  insize=7342 outsize=7344 ok=1
Cmd: preprocess
  insize=38615 outsize=618 ok=1
Cmd: preprocessCompute
  insize=6196 outsize=6198 ok=1
Cmd: preprocessCompute
  insize=7242 outsize=7244 ok=1
Cmd: preprocessCompute
  insize=6842 outsize=6844 ok=1
Cmd: preprocess
  insize=38601 outsize=618 ok=1
Cmd: preprocessCompute
  insize=7342 outsize=7344 ok=1
Cmd: preprocess
  insize=38615 outsize=618 ok=1
Cmd: preprocessCompute
  insize=6196 outsize=6198 ok=1
Cmd: preprocessCompute
  insize=7242 outsize=7244 ok=1
Cmd: preprocessCompute
  insize=6842 outsize=6844 ok=1
Cmd: preprocess
  insize=38601 outsize=618 ok=1
Cmd: preprocessCompute
  insize=7342 outsize=7344 ok=1
Cmd: preprocess
  insize=38615 outsize=618 ok=1
Cmd: preprocessCompute
  insize=6196 outsize=6198 ok=1
Cmd: preprocessCompute
  insize=7242 outsize=7244 ok=1
Cmd: preprocessCompute
  insize=6842 outsize=6844 ok=1
Cmd: preprocess
  insize=38601 outsize=618 ok=1
Cmd: preprocessCompute
  insize=7342 outsize=7344 ok=1
Cmd: preprocess
  insize=38615 outsize=618 ok=1
Cmd: preprocessCompute
  insize=6196 outsize=6198 ok=1
Cmd: preprocessCompute
  insize=7242 outsize=7244 ok=1
Cmd: preprocessCompute
  insize=6842 outsize=6844 ok=1
Cmd: preprocess
  insize=38601 outsize=618 ok=1
Cmd: preprocessCompute
  insize=7342 outsize=7344 ok=1
Cmd: preprocess
  insize=38615 outsize=618 ok=1
Cmd: preprocessCompute
  insize=6196 outsize=6198 ok=1
Cmd: preprocessCompute
  insize=7242 outsize=7244 ok=1
Cmd: preprocessCompute
  insize=6842 outsize=6844 ok=1
Cmd: preprocess
  insize=38601 outsize=618 ok=1
Cmd: preprocessCompute
  insize=7342 outsize=7344 ok=1
Cmd: preprocess
  insize=38615 outsize=618 ok=1
Cmd: preprocessCompute
  insize=6196 outsize=6198 ok=1
Cmd: preprocessCompute
  insize=7242 outsize=7244 ok=1
Cmd: preprocessCompute
  insize=6842 outsize=6844 ok=1
Cmd: preprocess
  insize=38601 outsize=618 ok=1
Cmd: preprocessCompute
  insize=7342 outsize=7344 ok=1
Cmd: preprocess
  insize=38615 outsize=618 ok=1
Cmd: preprocessCompute
  insize=6196 outsize=6198 ok=1
Cmd: preprocessCompute
  insize=7242 outsize=7244 ok=1
Cmd: preprocessCompute
  insize=6842 outsize=6844 ok=1
Cmd: preprocess
  insize=38601 outsize=618 ok=1
Cmd: preprocessCompute
  insize=7342 outsize=7344 ok=1
Cmd: preprocess
  insize=38615 outsize=618 ok=1
Cmd: preprocessCompute
  insize=6196 outsize=6198 ok=1
Cmd: preprocessCompute
  insize=7242 outsize=7244 ok=1
Cmd: preprocessCompute
  insize=6842 outsize=6844 ok=1
Cmd: preprocess
  insize=38601 outsize=618 ok=1
Cmd: preprocessCompute
  insize=7342 outsize=7344 ok=1
Cmd: preprocess
  insize=38615 outsize=618 ok=1
Cmd: preprocessCompute
  insize=6196 outsize=6198 ok=1
Cmd: preprocessCompute
  insize=7242 outsize=7244 ok=1
Cmd: preprocessCompute
  insize=6842 outsize=6844 ok=1
Cmd: preprocess
  insize=38601 outsize=618 ok=1
Cmd: preprocessCompute
  insize=7342 outsize=7344 ok=1
Cmd: preprocess
  insize=38615 outsize=618 ok=1
Cmd: preprocessCompute
  insize=6196 outsize=6198 ok=1
Cmd: preprocessCompute
  insize=7242 outsize=7244 ok=1
Cmd: preprocessCompute
  insize=6842 outsize=6844 ok=1
Cmd: preprocess
  insize=38601 outsize=618 ok=1
Cmd: preprocessCompute
  insize=7342 outsize=7344 ok=1
Cmd: preprocess
  insize=38615 outsize=618 ok=1
Cmd: preprocessCompute
  insize=6196 outsize=6198 ok=1
Cmd: preprocessCompute
  insize=7242 outsize=7244 ok=1
Cmd: preprocessCompute
  insize=6842 outsize=6844 ok=1
Cmd: preprocess
  insize=38601 outsize=618 ok=1
Cmd: preprocessCompute
  insize=7342 outsize=7344 ok=1
Cmd: preprocess
  insize=38615 outsize=618 ok=1
Cmd: preprocessCompute
  insize=6196 outsize=6198 ok=1
Cmd: preprocessCompute
  insize=7242 outsize=7244 ok=1
Cmd: preprocessCompute
  insize=6842 outsize=6844 ok=1
Cmd: preprocess
  insize=38601 outsize=618 ok=1
Cmd: preprocessCompute
  insize=7342 outsize=7344 ok=1
Cmd: preprocess
  insize=38615 outsize=618 ok=1
Cmd: preprocessCompute
  insize=6196 outsize=6198 ok=1
Cmd: preprocessCompute
  insize=7242 outsize=7244 ok=1
Cmd: preprocessCompute
  insize=6842 outsize=6844 ok=1
Cmd: preprocess
  insize=38601 outsize=618 ok=1
Cmd: preprocessCompute
  insize=7342 outsize=7344 ok=1
Cmd: preprocess
  insize=38615 outsize=618 ok=1
Cmd: preprocessCompute
  insize=6196 outsize=6198 ok=1
Cmd: preprocessCompute
  insize=7242 outsize=7244 ok=1
Cmd: preprocessCompute
  insize=6842 outsize=6844 ok=1
Cmd: preprocess
  insize=38601 outsize=618 ok=1
Cmd: preprocessCompute
  insize=7342 outsize=7344 ok=1
Cmd: preprocess
  insize=38615 outsize=618 ok=1
Cmd: preprocessCompute
  insize=6196 outsize=6198 ok=1
Cmd: preprocessCompute
  insize=7242 outsize=7244 ok=1
Cmd: preprocessCompute
  insize=6842 outsize=6844 ok=1
Cmd: preprocess
  insize=38601 outsize=618 ok=1
Cmd: preprocessCompute
  insize=7342 outsize=7344 ok=1
Cmd: preprocess
  insize=38615 outsize=618 ok=1
Cmd: preprocessCompute
  insize=6196 outsize=6198 ok=1
Cmd: preprocessCompute
  insize=7242 outsize=7244 ok=1
Cmd: preprocessCompute
  insize=6842 outsize=6844 ok=1
Cmd: preprocess
  insize=38601 outsize=618 ok=1
Cmd: preprocessCompute
  insize=7342 outsize=7344 ok=1
Cmd: preprocess
  insize=38615 outsize=618 ok=1
Cmd: preprocessCompute
  insize=6196 outsize=6198 ok=1
Cmd: preprocessCompute
  insize=7242 outsize=7244 ok=1
Cmd: preprocessCompute
  insize=6842 outsize=6844 ok=1
Cmd: preprocess
  insize=38601 outsize=618 ok=1
Cmd: preprocessCompute
  insize=7342 outsize=7344 ok=1
Cmd: preprocess
  insize=38615 outsize=618 ok=1
Cmd: preprocessCompute
  insize=6196 outsize=6198 ok=1
Cmd: preprocessCompute
  insize=7242 outsize=7244 ok=1
Cmd: preprocessCompute
  insize=6842 outsize=6844 ok=1
Cmd: preprocess
  insize=38601 outsize=618 ok=1
Cmd: preprocessCompute
  insize=7342 outsize=7344 ok=1
Cmd: preprocess
  insize=38615 outsize=618 ok=1
Cmd: preprocessCompute
  insize=6196 outsize=6198 ok=1
Cmd: preprocessCompute
  insize=7242 outsize=7244 ok=1
Cmd: preprocessCompute
  insize=6842 outsize=6844 ok=1
Cmd: preprocess
  insize=38601 outsize=618 ok=1
Cmd: preprocessCompute
  insize=7342 outsize=7344 ok=1
Cmd: preprocess
  insize=38615 outsize=618 ok=1
Cmd: preprocessCompute
  insize=6196 outsize=6198 ok=1
Cmd: preprocessCompute
  insize=7242 outsize=7244 ok=1
Cmd: preprocessCompute
  insize=6842 outsize=6844 ok=1
Cmd: preprocess
  insize=38601 outsize=618 ok=1
Cmd: preprocessCompute
  insize=7342 outsize=7344 ok=1
Cmd: preprocess
  insize=38615 outsize=618 ok=1
Cmd: preprocessCompute
  insize=6196 outsize=6198 ok=1
Cmd: preprocessCompute
  insize=7223 outsize=7225 ok=1
Cmd: compileComputeKernel
  api=4 insize=7225 outsize=2645 ok=1
Cmd: preprocessCompute
  insize=6842 outsize=6844 ok=1
Cmd: preprocess
  insize=38601 outsize=618 ok=1
Cmd: preprocessCompute
  insize=7331 outsize=7333 ok=1
Cmd: compileComputeKernel
  api=4 insize=7333 outsize=3192 ok=1
Cmd: preprocess
  insize=38615 outsize=618 ok=1
Cmd: preprocessCompute
  insize=6196 outsize=6198 ok=1
Cmd: preprocessCompute
  insize=7242 outsize=7244 ok=1
Cmd: preprocessCompute
  insize=6842 outsize=6844 ok=1
Cmd: preprocess
  insize=38601 outsize=618 ok=1
Cmd: preprocessCompute
  insize=7342 outsize=7344 ok=1
Cmd: preprocess
  insize=38615 outsize=618 ok=1
Cmd: preprocessCompute
  insize=6196 outsize=6198 ok=1
Cmd: preprocessCompute
  insize=7242 outsize=7244 ok=1
Cmd: preprocessCompute
  insize=6842 outsize=6844 ok=1
Cmd: preprocess
  insize=38601 outsize=618 ok=1
Cmd: preprocessCompute
  insize=7342 outsize=7344 ok=1
Cmd: compileComputeKernel
  api=4 insize=7344 outsize=3304 ok=1
Cmd: preprocess
  insize=38615 outsize=617 ok=1
Cmd: preprocessCompute
  insize=6196 outsize=6198 ok=1
Cmd: compileComputeKernel
  api=4 insize=6198 outsize=1505 ok=1
Cmd: preprocessCompute
  insize=7242 outsize=7244 ok=1
Cmd: preprocessCompute
  insize=6842 outsize=6844 ok=1
Cmd: preprocess
  insize=38601 outsize=618 ok=1
Cmd: preprocessCompute
  insize=7342 outsize=7344 ok=1
Cmd: preprocess
  insize=38615 outsize=618 ok=1
Cmd: preprocessCompute
  insize=6196 outsize=6198 ok=1
Cmd: preprocessCompute
  insize=7242 outsize=7244 ok=1
Cmd: preprocessCompute
  insize=6842 outsize=6844 ok=1
Cmd: preprocess
  insize=38601 outsize=618 ok=1
Cmd: preprocessCompute
  insize=7342 outsize=7344 ok=1
Cmd: preprocess
  insize=38615 outsize=618 ok=1
Cmd: preprocessCompute
  insize=6196 outsize=6198 ok=1
Cmd: preprocessCompute
  insize=7242 outsize=7244 ok=1
Cmd: preprocessCompute
  insize=6842 outsize=6844 ok=1
Cmd: preprocess
  insize=38601 outsize=618 ok=1
Cmd: preprocessCompute
  insize=7342 outsize=7344 ok=1
Cmd: preprocess
  insize=38615 outsize=618 ok=1
Cmd: preprocessCompute
  insize=6196 outsize=6198 ok=1
Cmd: preprocessCompute
  insize=7223 outsize=7225 ok=1
Cmd: preprocessCompute
  insize=6842 outsize=6844 ok=1
Cmd: preprocess
  insize=38601 outsize=618 ok=1
Cmd: preprocessCompute
  insize=7331 outsize=7333 ok=1
Cmd: preprocess
  insize=38615 outsize=618 ok=1
Cmd: preprocessCompute
  insize=6196 outsize=6198 ok=1
Cmd: preprocessCompute
  insize=7223 outsize=7225 ok=1
Cmd: preprocessCompute
  insize=6842 outsize=6844 ok=1
Cmd: preprocess
  insize=38601 outsize=618 ok=1
Cmd: preprocessCompute
  insize=7331 outsize=7333 ok=1
Cmd: preprocess
  insize=38615 outsize=618 ok=1
Cmd: preprocessCompute
  insize=6196 outsize=6198 ok=1
